<?xml version="1.0" encoding="UTF-8"?>
<!-- Generated by org.testng.reporters.JUnitReportReporter -->
<testsuite hostname="DESKTOP-TALLGF8" failures="0" tests="1" name="com.SauceDemo.TestClasses.TC02LogOutFunctionality" time="9.152" errors="0" timestamp="2022-05-31T19:03:20 IST" skipped="0">
  <testcase classname="com.SauceDemo.TestClasses.TC02LogOutFunctionality" name="LogOutFunctionality" time="9.152"/>
  <system-out/>
</testsuite> <!-- com.SauceDemo.TestClasses.TC02LogOutFunctionality -->
