<?xml version="1.0" encoding="UTF-8"?>
<!-- Generated by org.testng.reporters.JUnitReportReporter -->
<testsuite hostname="DESKTOP-TALLGF8" failures="0" tests="1" name="com.SauceDemo.TestClasses.TC04MultipleProductFunctionality" time="29.127" errors="0" timestamp="2022-05-31T19:03:19 IST" skipped="0">
  <testcase classname="com.SauceDemo.TestClasses.TC04MultipleProductFunctionality" name="mulproductfunctionality" time="29.127"/>
  <system-out/>
</testsuite> <!-- com.SauceDemo.TestClasses.TC04MultipleProductFunctionality -->
